2026-04-09 22:11:31,386 - INFO - Starting AZ scrape for 118 facilities
2026-04-09 22:11:31,386 - INFO - [1/118] Facility 001cs00000WoDzyAAF
2026-04-09 22:11:31,954 - INFO -   PILLAR WELLNESS SOLUTIONS VIII, LLC
2026-04-09 22:11:32,061 - INFO -   4 inspections
2026-04-09 22:11:32,468 - INFO -   4 reports, 0 deficiencies
2026-04-09 22:11:32,469 - INFO - [2/118] Facility 001cs00000WoDzkAAF
2026-04-09 22:11:32,802 - INFO -   PILLAR WELLNESS SOLUTIONS
2026-04-09 22:11:32,943 - INFO -   4 inspections
2026-04-09 22:11:33,465 - INFO -   4 reports, 1 deficiencies
2026-04-09 22:11:33,465 - INFO - [3/118] Facility 001cs00000WoAt6AAF
2026-04-09 22:11:33,768 - INFO -   HORIZON RECOVERY
2026-04-09 22:11:33,886 - INFO -   5 inspections
2026-04-09 22:11:34,475 - INFO -   5 reports, 6 deficiencies
2026-04-09 22:11:34,475 - INFO - [4/118] Facility 001cs00000WoCLPAA3
2026-04-09 22:11:34,759 - INFO -   MS MIMI CARING HEART LLC
2026-04-09 22:11:34,868 - INFO -   3 inspections
2026-04-09 22:11:35,319 - INFO -   3 reports, 7 deficiencies
2026-04-09 22:11:35,319 - INFO - [5/118] Facility 001cs00000WoBr1AAF
2026-04-09 22:11:35,592 - INFO -   LWB WINTHROP HOUSE
2026-04-09 22:11:35,719 - INFO -   3 inspections
2026-04-09 22:11:36,119 - INFO -   3 reports, 1 deficiencies
2026-04-09 22:11:36,119 - INFO - [6/118] Facility 001cs00000Wo8OtAAJ
2026-04-09 22:11:36,410 - INFO -   DALIA HOMECARE VALENCIA
2026-04-09 22:11:36,517 - INFO -   5 inspections
2026-04-09 22:11:37,127 - INFO -   5 reports, 9 deficiencies
2026-04-09 22:11:37,127 - INFO - [7/118] Facility 001cs00000Wo8bUAAR
2026-04-09 22:11:37,388 - INFO -   DENALI YOUTH HOMES OF ARIZONA, LLC
2026-04-09 22:11:37,474 - INFO -   3 inspections
2026-04-09 22:11:37,906 - INFO -   3 reports, 14 deficiencies
2026-04-09 22:11:37,906 - INFO - [8/118] Facility 001cs00000Wo8OrAAJ
2026-04-09 22:11:38,170 - INFO -   DALIA HOMECARE MARIPOSA
2026-04-09 22:11:38,245 - INFO -   3 inspections
2026-04-09 22:11:39,777 - INFO -   3 reports, 7 deficiencies
2026-04-09 22:11:39,777 - INFO - [9/118] Facility 001cs00000WoBr0AAF
2026-04-09 22:11:40,091 - INFO -   LWB HOLLY HOUSE
2026-04-09 22:11:40,167 - INFO -   3 inspections
2026-04-09 22:11:40,421 - INFO -   3 reports, 2 deficiencies
2026-04-09 22:11:40,421 - INFO - [10/118] Facility 001cs00000WoAt9AAF
2026-04-09 22:11:40,721 - INFO -   HORIZON RECOVERY DEER VALLEY, LLC
2026-04-09 22:11:40,799 - INFO -   3 inspections
2026-04-09 22:11:41,075 - INFO -   3 reports, 3 deficiencies
2026-04-09 22:11:41,075 - INFO - [11/118] Facility 001cs00000WoDSsAAN
2026-04-09 22:11:41,204 - INFO -   OPEN HEARTS
2026-04-09 22:11:41,283 - INFO -   1 inspections
2026-04-09 22:11:41,368 - INFO -   1 reports, 0 deficiencies
2026-04-09 22:11:41,368 - INFO - [12/118] Facility 001cs00000WoAt8AAF
2026-04-09 22:11:41,718 - INFO -   HORIZON RECOVERY
2026-04-09 22:11:41,809 - INFO -   2 inspections
2026-04-09 22:11:41,977 - INFO -   2 reports, 0 deficiencies
2026-04-09 22:11:41,977 - INFO - [13/118] Facility 001cs00000Wo4m9AAB
2026-04-09 22:11:42,249 - INFO -   ADVANCED BEHAVIORAL HEALTH LLC
2026-04-09 22:11:42,324 - INFO -   1 inspections
2026-04-09 22:11:42,403 - INFO -   1 reports, 0 deficiencies
2026-04-09 22:11:42,403 - INFO - [14/118] Facility 001cs00000Wo9AKAAZ
2026-04-09 22:11:42,683 - INFO -   EMOTICARE RIMROCK, LLC
2026-04-09 22:11:42,762 - INFO -   7 inspections
2026-04-09 22:11:43,387 - INFO -   7 reports, 3 deficiencies
2026-04-09 22:11:43,387 - INFO - [15/118] Facility 001cs00000Wo86wAAB
2026-04-09 22:11:43,683 - INFO -   CONNECTED HEARTS LLC - BHRF
2026-04-09 22:11:43,761 - INFO -   3 inspections
2026-04-09 22:11:44,049 - INFO -   3 reports, 3 deficiencies
2026-04-09 22:11:44,050 - INFO - [16/118] Facility 001cs00000Wo9X1AAJ
2026-04-09 22:11:44,338 - INFO -   FORWARD IN LIFE II
2026-04-09 22:11:44,420 - INFO -   3 inspections
2026-04-09 22:11:44,802 - INFO -   3 reports, 9 deficiencies
2026-04-09 22:11:44,802 - INFO - [17/118] Facility 001cs00000Wo6GAAAZ
2026-04-09 22:11:45,073 - INFO -   ARTEMIS ADOLESCENT HEALING CENTER
2026-04-09 22:11:45,154 - INFO -   2 inspections
2026-04-09 22:11:45,485 - INFO -   2 reports, 5 deficiencies
2026-04-09 22:11:45,485 - INFO - [18/118] Facility 001cs00000WoC6MAAV
2026-04-09 22:11:45,800 - INFO -   MINGUS MOUNTAIN ESTATE RESIDENTIAL CENTER, INC
2026-04-09 22:11:45,916 - INFO -   8 inspections
2026-04-09 22:11:46,891 - INFO -   8 reports, 10 deficiencies
2026-04-09 22:11:46,891 - INFO - [19/118] Facility 0018y000008fB0sAAE
2026-04-09 22:11:47,173 - INFO -   Montare Behavioral Health
2026-04-09 22:11:47,288 - INFO -   8 inspections
2026-04-09 22:11:48,343 - INFO -   8 reports, 37 deficiencies
2026-04-09 22:11:48,343 - INFO - [20/118] Facility 001cs00000WoC6NAAV
2026-04-09 22:11:48,709 - INFO -   MINGUS MOUNTAIN ESTATE RESIDENTIAL CENTER, INC
2026-04-09 22:11:48,831 - INFO -   4 inspections
2026-04-09 22:11:49,168 - INFO -   4 reports, 1 deficiencies
2026-04-09 22:11:49,168 - INFO - [21/118] Facility 001cs00000WoB37AAF
2026-04-09 22:11:49,455 - INFO -   INTERMOUNTAIN CENTERS FOR HUMAN DEVELOPMENT
2026-04-09 22:11:49,536 - INFO -   18 inspections
2026-04-09 22:11:51,871 - INFO -   18 reports, 44 deficiencies
2026-04-09 22:11:51,871 - INFO - [22/118] Facility 001cs00000Wo9WaAAJ
2026-04-09 22:11:52,648 - INFO -   FLORENCE CRITTENTON SERVICES OF ARIZONA, INC
2026-04-09 22:11:53,310 - INFO -   7 inspections
2026-04-09 22:11:53,888 - INFO -   7 reports, 1 deficiencies
2026-04-09 22:11:53,888 - INFO - [23/118] Facility 001cs00000WoGW9AAN
2026-04-09 22:11:54,164 - INFO -   THE U - TURN FOUNDATION
2026-04-09 22:11:54,244 - INFO -   3 inspections
2026-04-09 22:11:54,515 - INFO -   3 reports, 2 deficiencies
2026-04-09 22:11:54,515 - INFO - [24/118] Facility 001cs00000WoFldAAF
2026-04-09 22:11:54,805 - INFO -   STEP TWO RECOVERY CENTER
2026-04-09 22:11:54,890 - INFO -   6 inspections
2026-04-09 22:11:55,486 - INFO -   6 reports, 25 deficiencies
2026-04-09 22:11:55,486 - INFO - [25/118] Facility 001cs00000Wo6bUAAR
2026-04-09 22:11:55,745 - INFO -   BACK TO LIFE, INC
2026-04-09 22:11:55,831 - INFO -   4 inspections
2026-04-09 22:11:56,228 - INFO -   4 reports, 4 deficiencies
2026-04-09 22:11:56,228 - INFO - [26/118] Facility 001cs00000WoB38AAF
2026-04-09 22:11:56,482 - INFO -   INTERMOUNTAIN CENTERS FOR HUMAN DEVELOPMENT
2026-04-09 22:11:56,578 - INFO -   8 inspections
2026-04-09 22:11:57,320 - INFO -   8 reports, 8 deficiencies
2026-04-09 22:11:57,320 - INFO - [27/118] Facility 001cs00000Wo540AAB
2026-04-09 22:11:57,595 - INFO -   ALL ABOUT KIDS
2026-04-09 22:11:57,678 - INFO -   13 inspections
2026-04-09 22:11:59,421 - INFO -   13 reports, 59 deficiencies
2026-04-09 22:11:59,421 - INFO - [28/118] Facility 001cs00000WnyTQAAZ
2026-04-09 22:11:59,686 - INFO -   YOUTH DEVELOPMENT INSTITUTE
2026-04-09 22:11:59,769 - INFO -   4 inspections
2026-04-09 22:12:00,573 - INFO -   4 reports, 3 deficiencies
2026-04-09 22:12:00,573 - INFO - [29/118] Facility 001cs00000WnyTRAAZ
2026-04-09 22:12:00,881 - INFO -   YOUTH DEVELOPMENT INSTITUTE
2026-04-09 22:12:00,991 - INFO -   4 inspections
2026-04-09 22:12:01,543 - INFO -   4 reports, 2 deficiencies
2026-04-09 22:12:01,543 - INFO - [30/118] Facility 001cs00000WoGWAAA3
2026-04-09 22:12:01,823 - INFO -   THE U-TURN FOUNDATION / KEEP RIGHT
2026-04-09 22:12:01,960 - INFO -   3 inspections
2026-04-09 22:12:02,350 - INFO -   3 reports, 3 deficiencies
2026-04-09 22:12:02,350 - INFO - [31/118] Facility 001cs00000WnyTeAAJ
2026-04-09 22:12:02,664 - INFO -   ZAREPHATH, INC
2026-04-09 22:12:02,766 - INFO -   3 inspections
2026-04-09 22:12:03,030 - INFO -   3 reports, 0 deficiencies
2026-04-09 22:12:03,030 - INFO - [32/118] Facility 001cs00000WnyTfAAJ
2026-04-09 22:12:03,302 - INFO -   ZAREPHATH, INC
2026-04-09 22:12:03,394 - INFO -   3 inspections
2026-04-09 22:12:03,646 - INFO -   3 reports, 0 deficiencies
2026-04-09 22:12:03,646 - INFO - [33/118] Facility 001cs00000WnyTgAAJ
2026-04-09 22:12:03,917 - INFO -   ZAREPHATH, INC
2026-04-09 22:12:03,998 - INFO -   3 inspections
2026-04-09 22:12:04,247 - INFO -   3 reports, 1 deficiencies
2026-04-09 22:12:04,247 - INFO - [34/118] Facility 001cs00000WoEFPAA3
2026-04-09 22:12:05,720 - INFO -   R M B H S RENATA HOUSE
2026-04-09 22:12:05,812 - INFO -   3 inspections
2026-04-09 22:12:06,127 - INFO -   3 reports, 5 deficiencies
2026-04-09 22:12:06,127 - INFO - [35/118] Facility 001cs00000WoEFQAA3
2026-04-09 22:12:06,397 - INFO -   R M B H S SOMERSET HOUSE
2026-04-09 22:12:06,480 - INFO -   3 inspections
2026-04-09 22:12:06,737 - INFO -   3 reports, 2 deficiencies
2026-04-09 22:12:06,737 - INFO - [36/118] Facility 001cs00000WoEFLAA3
2026-04-09 22:12:07,005 - INFO -   R M B H S COGDELL HOUSE
2026-04-09 22:12:07,083 - INFO -   4 inspections
2026-04-09 22:12:07,600 - INFO -   4 reports, 15 deficiencies
2026-04-09 22:12:07,600 - INFO - [37/118] Facility 001cs00000WoEFMAA3
2026-04-09 22:12:07,851 - INFO -   R M B H S LAKEVIEW HOUSE
2026-04-09 22:12:07,930 - INFO -   4 inspections
2026-04-09 22:12:08,545 - INFO -   4 reports, 2 deficiencies
2026-04-09 22:12:08,545 - INFO - [38/118] Facility 001cs00000WoEFOAA3
2026-04-09 22:12:08,810 - INFO -   R M B H S PLATA HOUSE
2026-04-09 22:12:08,893 - INFO -   3 inspections
2026-04-09 22:12:09,193 - INFO -   3 reports, 4 deficiencies
2026-04-09 22:12:09,194 - INFO - [39/118] Facility 001cs00000WnyTSAAZ
2026-04-09 22:12:09,481 - INFO -   YOUTH DEVELOPMENT INSTITUTE - PORTLAND HOUSE I I
2026-04-09 22:12:09,572 - INFO -   2 inspections
2026-04-09 22:12:09,760 - INFO -   2 reports, 4 deficiencies
2026-04-09 22:12:09,760 - INFO - [40/118] Facility 001cs00000WoEFRAA3
2026-04-09 22:12:10,025 - INFO -   R M B H S VINCENT HOUSE
2026-04-09 22:12:10,106 - INFO -   3 inspections
2026-04-09 22:12:10,384 - INFO -   3 reports, 4 deficiencies
2026-04-09 22:12:10,384 - INFO - [41/118] Facility 001cs00000WnyThAAJ
2026-04-09 22:12:10,677 - INFO -   ZAREPHATH, INC
2026-04-09 22:12:10,790 - INFO -   2 inspections
2026-04-09 22:12:11,035 - INFO -   2 reports, 0 deficiencies
2026-04-09 22:12:11,036 - INFO - [42/118] Facility 001cs00000WnyTiAAJ
2026-04-09 22:12:11,386 - INFO -   ZAREPHATH, INC
2026-04-09 22:12:11,526 - INFO -   3 inspections
2026-04-09 22:12:11,868 - INFO -   3 reports, 0 deficiencies
2026-04-09 22:12:11,869 - INFO - [43/118] Facility 001cs00000WnyTjAAJ
2026-04-09 22:12:12,125 - INFO -   ZAREPHATH, INC
2026-04-09 22:12:12,304 - INFO -   4 inspections
2026-04-09 22:12:12,877 - INFO -   4 reports, 3 deficiencies
2026-04-09 22:12:12,877 - INFO - [44/118] Facility 001cs00000Wo8dxAAB
2026-04-09 22:12:13,158 - INFO -   DEVEREUX ARIZONA - CASA AMISTAD
2026-04-09 22:12:13,299 - INFO -   3 inspections
2026-04-09 22:12:13,715 - INFO -   3 reports, 0 deficiencies
2026-04-09 22:12:13,715 - INFO - [45/118] Facility 001cs00000WoCXnAAN
2026-04-09 22:12:13,982 - INFO -   NEW HOPE OF ARIZONA, INCORPORATED
2026-04-09 22:12:14,120 - INFO -   3 inspections
2026-04-09 22:12:14,472 - INFO -   3 reports, 1 deficiencies
2026-04-09 22:12:14,472 - INFO - [46/118] Facility 001cs00000WoCXoAAN
2026-04-09 22:12:14,755 - INFO -   NEW HOPE OF ARIZONA, INCORPORATED
2026-04-09 22:12:14,830 - INFO -   2 inspections
2026-04-09 22:12:14,999 - INFO -   2 reports, 0 deficiencies
2026-04-09 22:12:14,999 - INFO - [47/118] Facility 001cs00000Wo5XmAAJ
2026-04-09 22:12:15,299 - INFO -   ANIMALS FACILITATING ADOLESCENTS AND CHILDREN
2026-04-09 22:12:15,387 - INFO -   4 inspections
2026-04-09 22:12:15,781 - INFO -   4 reports, 3 deficiencies
2026-04-09 22:12:15,781 - INFO - [48/118] Facility 001cs00000Wo8dyAAB
2026-04-09 22:12:16,063 - INFO -   DEVEREUX ARIZONA - CASA ENSUENO
2026-04-09 22:12:16,149 - INFO -   3 inspections
2026-04-09 22:12:17,578 - INFO -   3 reports, 1 deficiencies
2026-04-09 22:12:17,578 - INFO - [49/118] Facility 001cs00000Wo8wBAAR
2026-04-09 22:12:17,842 - INFO -   EAGLES NEST BOYS & GIRLS RESIDENTIAL AGENCY
2026-04-09 22:12:17,925 - INFO -   3 inspections
2026-04-09 22:12:18,223 - INFO -   3 reports, 9 deficiencies
2026-04-09 22:12:18,223 - INFO - [50/118] Facility 001cs00000WoGguAAF
2026-04-09 22:12:18,477 - INFO -   TREE OF LIFE ARIZONA
2026-04-09 22:12:18,653 - INFO -   4 inspections
2026-04-09 22:12:19,098 - INFO -   4 reports, 1 deficiencies
2026-04-09 22:12:19,099 - INFO - [51/118] Facility 001cs00000WoCXcAAN
2026-04-09 22:12:19,388 - INFO -   NEW HOPE OF ARIZONA INC
2026-04-09 22:12:19,482 - INFO -   4 inspections
2026-04-09 22:12:19,882 - INFO -   4 reports, 16 deficiencies
2026-04-09 22:12:19,882 - INFO - [52/118] Facility 001cs00000WoCXdAAN
2026-04-09 22:12:20,146 - INFO -   NEW HOPE OF ARIZONA INC
2026-04-09 22:12:20,231 - INFO -   4 inspections
2026-04-09 22:12:20,601 - INFO -   4 reports, 4 deficiencies
2026-04-09 22:12:20,601 - INFO - [53/118] Facility 001cs00000Wo8e0AAB
2026-04-09 22:12:21,398 - INFO -   DEVEREUX ARIZONA - CASA VALOR
2026-04-09 22:12:21,484 - INFO -   4 inspections
2026-04-09 22:12:21,828 - INFO -   4 reports, 0 deficiencies
2026-04-09 22:12:21,828 - INFO - [54/118] Facility 001cs00000WnyTaAAJ
2026-04-09 22:12:22,127 - INFO -   ZAREPHATH APACHE HOUSE
2026-04-09 22:12:22,211 - INFO -   2 inspections
2026-04-09 22:12:22,411 - INFO -   2 reports, 6 deficiencies
2026-04-09 22:12:22,412 - INFO - [55/118] Facility 001cs00000WoCXeAAN
2026-04-09 22:12:22,752 - INFO -   NEW HOPE OF ARIZONA, INC
2026-04-09 22:12:22,859 - INFO -   3 inspections
2026-04-09 22:12:23,229 - INFO -   3 reports, 2 deficiencies
2026-04-09 22:12:23,229 - INFO - [56/118] Facility 001cs00000WnyTdAAJ
2026-04-09 22:12:23,598 - INFO -   ZAREPHATH YUMA HOUSE
2026-04-09 22:12:23,736 - INFO -   2 inspections
2026-04-09 22:12:23,943 - INFO -   2 reports, 1 deficiencies
2026-04-09 22:12:23,943 - INFO - [57/118] Facility 001cs00000WoC3jAAF
2026-04-09 22:12:24,264 - INFO -   MATTIES CARE HOUSE LLC
2026-04-09 22:12:24,409 - INFO -   18 inspections
2026-04-09 22:12:26,780 - INFO -   18 reports, 21 deficiencies
2026-04-09 22:12:26,780 - INFO - [58/118] Facility 001cs00000WnyTbAAJ
2026-04-09 22:12:27,053 - INFO -   ZAREPHATH CHAPARRAL HOUSE
2026-04-09 22:12:27,130 - INFO -   3 inspections
2026-04-09 22:12:27,374 - INFO -   3 reports, 1 deficiencies
2026-04-09 22:12:27,374 - INFO - [59/118] Facility 001cs00000WoCXfAAN
2026-04-09 22:12:27,622 - INFO -   NEW HOPE OF ARIZONA, INC
2026-04-09 22:12:27,700 - INFO -   4 inspections
2026-04-09 22:12:28,063 - INFO -   4 reports, 6 deficiencies
2026-04-09 22:12:28,063 - INFO - [60/118] Facility 001cs00000WoBcdAAF
2026-04-09 22:12:28,324 - INFO -   LIFE CHANGE FAMILY SERVICES INC
2026-04-09 22:12:28,412 - INFO -   11 inspections
2026-04-09 22:12:29,520 - INFO -   11 reports, 26 deficiencies
2026-04-09 22:12:29,520 - INFO - [61/118] Facility 001cs00000WoCJYAA3
2026-04-09 22:12:29,794 - INFO -   MISS A'S LLC
2026-04-09 22:12:29,884 - INFO -   5 inspections
2026-04-09 22:12:30,673 - INFO -   5 reports, 12 deficiencies
2026-04-09 22:12:30,673 - INFO - [62/118] Facility 001cs00000WoFmHAAV
2026-04-09 22:12:30,959 - INFO -   STREETLIGHTUSA
2026-04-09 22:12:31,043 - INFO -   10 inspections
2026-04-09 22:12:31,982 - INFO -   10 reports, 27 deficiencies
2026-04-09 22:12:31,982 - INFO - [63/118] Facility 001cs00000WoEiXAAV
2026-04-09 22:12:32,248 - INFO -   RMBHS POSADA HOUSE
2026-04-09 22:12:32,335 - INFO -   2 inspections
2026-04-09 22:12:34,915 - INFO -   2 reports, 4 deficiencies
2026-04-09 22:12:34,915 - INFO - [64/118] Facility 001cs00000WoCJoAAN
2026-04-09 22:12:35,201 - INFO -   MOHAVE MENTAL HEALTH CLINIC, INC - DIAMOND HOUSE
2026-04-09 22:12:35,288 - INFO -   4 inspections
2026-04-09 22:12:35,656 - INFO -   4 reports, 4 deficiencies
2026-04-09 22:12:35,657 - INFO - [65/118] Facility 001cs00000WoESjAAN
2026-04-09 22:12:35,798 - INFO -   RED HAWK BEHAVIORAL HEALTH, LLC
2026-04-09 22:12:35,884 - INFO -   3 inspections
2026-04-09 22:12:36,371 - INFO -   3 reports, 19 deficiencies
2026-04-09 22:12:36,371 - INFO - [66/118] Facility 001cs00000Wo6s4AAB
2026-04-09 22:12:36,651 - INFO -   BASAMI HOUSE, LLC
2026-04-09 22:12:36,726 - INFO -   2 inspections
2026-04-09 22:12:36,929 - INFO -   2 reports, 4 deficiencies
2026-04-09 22:12:36,929 - INFO - [67/118] Facility 001cs00000Wo87nAAB
2026-04-09 22:12:37,201 - INFO -   COPA'S CARING HANDS
2026-04-09 22:12:37,282 - INFO -   4 inspections
2026-04-09 22:12:37,704 - INFO -   4 reports, 17 deficiencies
2026-04-09 22:12:37,705 - INFO - [68/118] Facility 001cs00000WoEyqAAF
2026-04-09 22:12:37,979 - INFO -   SAN TAN BEHAVIORAL HEALTH SERVICES LLC
2026-04-09 22:12:38,060 - INFO -   3 inspections
2026-04-09 22:12:38,307 - INFO -   3 reports, 2 deficiencies
2026-04-09 22:12:38,307 - INFO - [69/118] Facility 001cs00000Wo8dzAAB
2026-04-09 22:12:38,598 - INFO -   DEVEREUX ARIZONA - CASA SOL
2026-04-09 22:12:38,672 - INFO -   2 inspections
2026-04-09 22:12:38,822 - INFO -   2 reports, 0 deficiencies
2026-04-09 22:12:38,822 - INFO - [70/118] Facility 001cs00000WoCXgAAN
2026-04-09 22:12:39,073 - INFO -   NEW HOPE OF ARIZONA, INC
2026-04-09 22:12:39,156 - INFO -   3 inspections
2026-04-09 22:12:39,434 - INFO -   3 reports, 4 deficiencies
2026-04-09 22:12:39,434 - INFO - [71/118] Facility 001cs00000WoDTqAAN
2026-04-09 22:12:39,700 - INFO -   OUR HOUSE RESIDENTIALS
2026-04-09 22:12:39,779 - INFO -   2 inspections
2026-04-09 22:12:39,996 - INFO -   2 reports, 9 deficiencies
2026-04-09 22:12:39,996 - INFO - [72/118] Facility 001cs00000WoGgvAAF
2026-04-09 22:12:40,274 - INFO -   TREE OF LIFE ARIZONA
2026-04-09 22:12:40,362 - INFO -   4 inspections
2026-04-09 22:12:40,732 - INFO -   4 reports, 4 deficiencies
2026-04-09 22:12:40,732 - INFO - [73/118] Facility 001cs00000WoCXhAAN
2026-04-09 22:12:41,029 - INFO -   NEW HOPE OF ARIZONA, INC
2026-04-09 22:12:41,110 - INFO -   3 inspections
2026-04-09 22:12:41,380 - INFO -   3 reports, 5 deficiencies
2026-04-09 22:12:41,380 - INFO - [74/118] Facility 001cs00000Wo6bWAAR
2026-04-09 22:12:41,844 - INFO -   BACK TO LIFE, INCORPORATED
2026-04-09 22:12:41,938 - INFO -   3 inspections
2026-04-09 22:12:42,293 - INFO -   3 reports, 10 deficiencies
2026-04-09 22:12:42,294 - INFO - [75/118] Facility 001cs00000WoCXiAAN
2026-04-09 22:12:42,582 - INFO -   NEW HOPE OF ARIZONA, INC
2026-04-09 22:12:42,670 - INFO -   3 inspections
2026-04-09 22:12:42,953 - INFO -   3 reports, 7 deficiencies
2026-04-09 22:12:42,953 - INFO - [76/118] Facility 001cs00000Wo8w9AAB
2026-04-09 22:12:43,217 - INFO -   EAGLE'S NEST RESIDENTIAL - EUCLID
2026-04-09 22:12:43,297 - INFO -   4 inspections
2026-04-09 22:12:43,653 - INFO -   4 reports, 4 deficiencies
2026-04-09 22:12:43,654 - INFO - [77/118] Facility 001cs00000Wo5bxAAB
2026-04-09 22:12:43,930 - INFO -   ARIZONA CHILDREN'S GROUP LLC
2026-04-09 22:12:44,011 - INFO -   3 inspections
2026-04-09 22:12:44,356 - INFO -   3 reports, 11 deficiencies
2026-04-09 22:12:44,357 - INFO - [78/118] Facility 001cs00000Wo5H5AAJ
2026-04-09 22:12:44,648 - INFO -   ANGEL SAFE HAVEN LLC
2026-04-09 22:12:44,732 - INFO -   15 inspections
2026-04-09 22:12:46,637 - INFO -   15 reports, 113 deficiencies
2026-04-09 22:12:46,637 - INFO - [79/118] Facility 001cs00000WoCJZAA3
2026-04-09 22:12:46,925 - INFO -   MISS A'S, LLC
2026-04-09 22:12:47,004 - INFO -   5 inspections
2026-04-09 22:12:47,524 - INFO -   5 reports, 9 deficiencies
2026-04-09 22:12:47,524 - INFO - [80/118] Facility 001cs00000Wo9rKAAR
2026-04-09 22:12:47,800 - INFO -   GOLDEN HEART CARE
2026-04-09 22:12:47,887 - INFO -   4 inspections
2026-04-09 22:12:48,317 - INFO -   4 reports, 16 deficiencies
2026-04-09 22:12:48,317 - INFO - [81/118] Facility 001cs00000WoCXjAAN
2026-04-09 22:12:48,580 - INFO -   NEW HOPE OF ARIZONA, INC
2026-04-09 22:12:48,655 - INFO -   3 inspections
2026-04-09 22:12:48,886 - INFO -   3 reports, 1 deficiencies
2026-04-09 22:12:48,886 - INFO - [82/118] Facility 001cs00000Wo8OoAAJ
2026-04-09 22:12:49,126 - INFO -   DALIA HOMECARE LLC
2026-04-09 22:12:49,208 - INFO -   3 inspections
2026-04-09 22:12:49,528 - INFO -   3 reports, 17 deficiencies
2026-04-09 22:12:49,528 - INFO - [83/118] Facility 001cs00000Wo9X0AAJ
2026-04-09 22:12:49,775 - INFO -   FORWARD IN LIFE
2026-04-09 22:12:49,854 - INFO -   7 inspections
2026-04-09 22:12:50,506 - INFO -   7 reports, 10 deficiencies
2026-04-09 22:12:50,506 - INFO - [84/118] Facility 001cs00000Wo8dwAAB
2026-04-09 22:12:50,764 - INFO -   DEVEREUX ARIZONA - BROADWAY CAMPUS
2026-04-09 22:12:50,843 - INFO -   8 inspections
2026-04-09 22:12:51,600 - INFO -   8 reports, 9 deficiencies
2026-04-09 22:12:51,600 - INFO - [85/118] Facility 001cs00000Wo9pkAAB
2026-04-09 22:12:51,868 - INFO -   GENERATIONS GROUP HOME
2026-04-09 22:12:51,958 - INFO -   7 inspections
2026-04-09 22:12:52,881 - INFO -   7 reports, 37 deficiencies
2026-04-09 22:12:52,881 - INFO - [86/118] Facility 001cs00000Wo4VOAAZ
2026-04-09 22:12:53,167 - INFO -   A CARING COMMUNITY LLC
2026-04-09 22:12:53,244 - INFO -   7 inspections
2026-04-09 22:12:54,211 - INFO -   7 reports, 17 deficiencies
2026-04-09 22:12:54,211 - INFO - [87/118] Facility 0018y000008f8SeAAI
2026-04-09 22:12:54,493 - INFO -   Arizona Community Protection And Treatment Center
2026-04-09 22:12:54,582 - INFO -   9 inspections
2026-04-09 22:12:55,560 - INFO -   9 reports, 18 deficiencies
2026-04-09 22:12:55,560 - INFO - [88/118] Facility 001cs00000WoCXlAAN
2026-04-09 22:12:56,309 - INFO -   NEW HOPE OF ARIZONA, INC
2026-04-09 22:12:56,402 - INFO -   3 inspections
2026-04-09 22:12:56,676 - INFO -   3 reports, 3 deficiencies
2026-04-09 22:12:56,677 - INFO - [89/118] Facility 001cs00000WoEyOAAV
2026-04-09 22:12:56,972 - INFO -   SAHARAN OASIS
2026-04-09 22:12:57,080 - INFO -   5 inspections
2026-04-09 22:12:57,725 - INFO -   5 reports, 17 deficiencies
2026-04-09 22:12:57,725 - INFO - [90/118] Facility 001cs00000WoEDuAAN
2026-04-09 22:12:57,990 - INFO -   PROGRESSIVE HEALTH ALLIANCE
2026-04-09 22:12:58,085 - INFO -   3 inspections
2026-04-09 22:12:58,420 - INFO -   3 reports, 20 deficiencies
2026-04-09 22:12:58,420 - INFO - [91/118] Facility 001cs00000Wo7FjAAJ
2026-04-09 22:12:58,701 - INFO -   BOJ RESIDENTIAL HOMES
2026-04-09 22:12:58,833 - INFO -   9 inspections
2026-04-09 22:13:00,260 - INFO -   9 reports, 49 deficiencies
2026-04-09 22:13:00,260 - INFO - [92/118] Facility 001cs00000WoBceAAF
2026-04-09 22:13:00,547 - INFO -   LIFE IS A CIRCLE LLC
2026-04-09 22:13:00,634 - INFO -   9 inspections
2026-04-09 22:13:01,597 - INFO -   9 reports, 51 deficiencies
2026-04-09 22:13:01,597 - INFO - [93/118] Facility 001cs00000Wo6YRAAZ
2026-04-09 22:13:02,029 - INFO -   AVERY'S HOUSE
2026-04-09 22:13:02,116 - INFO -   4 inspections
2026-04-09 22:13:02,426 - INFO -   4 reports, 0 deficiencies
2026-04-09 22:13:02,426 - INFO - [94/118] Facility 001cs00000WoFnjAAF
2026-04-09 22:13:03,636 - INFO -   SUNFLOWER LIVING LLC
2026-04-09 22:13:03,725 - INFO -   10 inspections
2026-04-09 22:13:05,005 - INFO -   10 reports, 51 deficiencies
2026-04-09 22:13:05,005 - INFO - [95/118] Facility 001cs00000WoB3CAAV
2026-04-09 22:13:05,291 - INFO -   INTERMOUNTAIN CENTERS FOR HUMAN DEVELOPMENT, INC
2026-04-09 22:13:05,384 - INFO -   23 inspections
2026-04-09 22:13:07,636 - INFO -   23 reports, 44 deficiencies
2026-04-09 22:13:07,637 - INFO - [96/118] Facility 001cs00000Wo7UCAAZ
2026-04-09 22:13:07,906 - INFO -   CAMELBACK KIDS
2026-04-09 22:13:07,987 - INFO -   4 inspections
2026-04-09 22:13:08,494 - INFO -   4 reports, 31 deficiencies
2026-04-09 22:13:08,494 - INFO - [97/118] Facility 001cs00000Wo6YSAAZ
2026-04-09 22:13:08,761 - INFO -   AVERY'S HOUSE, LLC
2026-04-09 22:13:08,842 - INFO -   6 inspections
2026-04-09 22:13:09,594 - INFO -   6 reports, 7 deficiencies
2026-04-09 22:13:09,594 - INFO - [98/118] Facility 001cs00000WoB0lAAF
2026-04-09 22:13:09,885 - INFO -   HUMAN CARE SERVICES
2026-04-09 22:13:09,973 - INFO -   14 inspections
2026-04-09 22:13:11,326 - INFO -   14 reports, 33 deficiencies
2026-04-09 22:13:11,326 - INFO - [99/118] Facility 001cs00000Wo9qpAAB
2026-04-09 22:13:11,603 - INFO -   GLORIOUS CARE PROJECT LLC
2026-04-09 22:13:11,681 - INFO -   7 inspections
2026-04-09 22:13:12,360 - INFO -   7 reports, 21 deficiencies
2026-04-09 22:13:12,360 - INFO - [100/118] Facility 001cs00000Wo8wAAAR
2026-04-09 22:13:12,602 - INFO -   EAGLE'S NEST THUNDERBIRD BOYS & GIRLS
2026-04-09 22:13:12,679 - INFO -   4 inspections
2026-04-09 22:13:13,015 - INFO -   4 reports, 1 deficiencies
2026-04-09 22:13:13,015 - INFO - [101/118] Facility 001cs00000WoCXRAA3
2026-04-09 22:13:13,290 - INFO -   NEW HAVEN COMMUNITIES LLC
2026-04-09 22:13:13,368 - INFO -   13 inspections
2026-04-09 22:13:14,468 - INFO -   13 reports, 4 deficiencies
2026-04-09 22:13:14,468 - INFO - [102/118] Facility 001cs00000WoC3kAAF
2026-04-09 22:13:14,720 - INFO -   MATTIES CARE HOUSE LLC
2026-04-09 22:13:14,795 - INFO -   5 inspections
2026-04-09 22:13:15,282 - INFO -   5 reports, 5 deficiencies
2026-04-09 22:13:15,282 - INFO - [103/118] Facility 001cs00000Wo6s5AAB
2026-04-09 22:13:15,532 - INFO -   BASAMI HOUSE, LLC
2026-04-09 22:13:15,608 - INFO -   5 inspections
2026-04-09 22:13:16,112 - INFO -   5 reports, 38 deficiencies
2026-04-09 22:13:16,112 - INFO - [104/118] Facility 001cs00000WoEEaAAN
2026-04-09 22:13:16,366 - INFO -   PTL BEHAVIORAL HEALTH, LLC
2026-04-09 22:13:16,451 - INFO -   5 inspections
2026-04-09 22:13:16,952 - INFO -   5 reports, 3 deficiencies
2026-04-09 22:13:16,952 - INFO - [105/118] Facility 001cs00000WoFaiAAF
2026-04-09 22:13:17,211 - INFO -   SRC DESERT COVE
2026-04-09 22:13:17,284 - INFO -   3 inspections
2026-04-09 22:13:17,658 - INFO -   3 reports, 0 deficiencies
2026-04-09 22:13:17,658 - INFO - [106/118] Facility 001cs00000WoB0kAAF
2026-04-09 22:13:17,931 - INFO -   HUMAN CARE SERVICE II
2026-04-09 22:13:18,039 - INFO -   16 inspections
2026-04-09 22:13:20,900 - INFO -   16 reports, 30 deficiencies
2026-04-09 22:13:20,900 - INFO - [107/118] Facility 001cs00000WoATWAA3
2026-04-09 22:13:21,087 - INFO -   HEART OF GOLD GROUP HOME LLC
2026-04-09 22:13:21,184 - INFO -   4 inspections
2026-04-09 22:13:21,571 - INFO -   4 reports, 11 deficiencies
2026-04-09 22:13:21,571 - INFO - [108/118] Facility 001cs00000WoB3DAAV
2026-04-09 22:13:21,827 - INFO -   INTERMOUNTAIN CENTERS FOR HUMAN DEVELOPMENT, INC
2026-04-09 22:13:21,908 - INFO -   11 inspections
2026-04-09 22:13:24,157 - INFO -   11 reports, 17 deficiencies
2026-04-09 22:13:24,157 - INFO - [109/118] Facility 001cs00000WoCXmAAN
2026-04-09 22:13:24,465 - INFO -   NEW HOPE OF ARIZONA, INC
2026-04-09 22:13:24,541 - INFO -   4 inspections
2026-04-09 22:13:24,862 - INFO -   4 reports, 1 deficiencies
2026-04-09 22:13:24,862 - INFO - [110/118] Facility 001cs00000WoAtZAAV
2026-04-09 22:13:25,102 - INFO -   HOUSE OF LOVE
2026-04-09 22:13:25,179 - INFO -   4 inspections
2026-04-09 22:13:25,564 - INFO -   4 reports, 6 deficiencies
2026-04-09 22:13:25,564 - INFO - [111/118] Facility 001cs00000Wo8vFAAR
2026-04-09 22:13:25,833 - INFO -   DIVINE HELP LLC
2026-04-09 22:13:25,915 - INFO -   5 inspections
2026-04-09 22:13:26,372 - INFO -   5 reports, 3 deficiencies
2026-04-09 22:13:26,372 - INFO - [112/118] Facility 001cs00000WoDChAAN
2026-04-09 22:13:26,829 - INFO -   NEXUS TEEN ACADEMY LLC
2026-04-09 22:13:26,904 - INFO -   3 inspections
2026-04-09 22:13:27,185 - INFO -   3 reports, 0 deficiencies
2026-04-09 22:13:27,185 - INFO - [113/118] Facility 001cs00000WoCKBAA3
2026-04-09 22:13:27,443 - INFO -   MONTE NIDO ROSEWOOD SCOTTSDALE
2026-04-09 22:13:27,520 - INFO -   3 inspections
2026-04-09 22:13:27,770 - INFO -   3 reports, 2 deficiencies
2026-04-09 22:13:27,771 - INFO - [114/118] Facility 001cs00000WoC6KAAV
2026-04-09 22:13:28,016 - INFO -   MINDFIT 360
2026-04-09 22:13:28,094 - INFO -   3 inspections
2026-04-09 22:13:28,344 - INFO -   3 reports, 2 deficiencies
2026-04-09 22:13:28,344 - INFO - [115/118] Facility 001cs00000WoB35AAF
2026-04-09 22:13:28,592 - INFO -   INTEGRITY YOUTH HOMES LLC
2026-04-09 22:13:28,670 - INFO -   5 inspections
2026-04-09 22:13:29,315 - INFO -   5 reports, 8 deficiencies
2026-04-09 22:13:29,315 - INFO - [116/118] Facility 001cs00000WoFnyAAF
2026-04-09 22:13:29,563 - INFO -   SUNNY SIDE GROUP HOME
2026-04-09 22:13:29,642 - INFO -   3 inspections
2026-04-09 22:13:30,020 - INFO -   3 reports, 1 deficiencies
2026-04-09 22:13:30,020 - INFO - [117/118] Facility 001cs00000WoB2VAAV
2026-04-09 22:13:30,304 - INFO -   INNERG HOMES
2026-04-09 22:13:30,395 - INFO -   3 inspections
2026-04-09 22:13:30,803 - INFO -   3 reports, 5 deficiencies
2026-04-09 22:13:30,804 - INFO - [118/118] Facility 001cs00000WoGexAAF
2026-04-09 22:13:30,945 - INFO -   THY GRACE CARE 2
2026-04-09 22:13:31,085 - INFO -   4 inspections
2026-04-09 22:13:31,634 - INFO -   4 reports, 0 deficiencies
2026-04-09 22:13:31,634 - INFO - Scraping complete: 118 facilities
2026-04-09 22:13:31,634 - INFO - Scraped 118 facilities — posting to API
2026-04-09 22:13:31,809 - INFO - Split 118 facilities into 5 API requests using a 750,000-byte payload cap
2026-04-09 22:13:31,811 - INFO - Posting batch 1/5: 39 facilities (743,945 bytes) to https://kidsoverprofits.org/wp-content/themes/child/api/inspections-write.php
2026-04-09 22:13:32,926 - INFO - Posting batch 2/5: 38 facilities (582,055 bytes) to https://kidsoverprofits.org/wp-content/themes/child/api/inspections-write.php
2026-04-09 22:13:33,724 - INFO - Posting batch 3/5: 13 facilities (697,585 bytes) to https://kidsoverprofits.org/wp-content/themes/child/api/inspections-write.php
2026-04-09 22:13:34,452 - INFO - Posting batch 4/5: 13 facilities (740,795 bytes) to https://kidsoverprofits.org/wp-content/themes/child/api/inspections-write.php
2026-04-09 22:13:35,280 - INFO - Posting batch 5/5: 15 facilities (244,555 bytes) to https://kidsoverprofits.org/wp-content/themes/child/api/inspections-write.php
2026-04-09 22:13:35,887 - INFO - API saved 118 facilities, 590 reports
2026-04-09 22:13:35,887 - INFO - Data saved to database successfully!
